
ROM used:   120/8192 (1%)
            120/8192 (1%) including unused fragments

            0.1 Average locations per line
            0.9 Average locations per statement

RAM used:   11/368 (3%) at main() level
            12/368 (3%) worst case

Stack used: 1 worst case (1 in main + 0 for interrupts)
Stack size: 8

Lines Stmts  %   Files
----- ----- ---  -----
   24    11   8  main.c
  672     0   0  ..\..\..\..\..\..\Program Files (x86)\PICC\Devices\16F877A.h
  423   125  92  ..\..\..\..\..\..\Program Files (x86)\PICC\Drivers\string.h
   32     0   0  ..\..\..\..\..\..\Program Files (x86)\PICC\Drivers\stddef.h
   28     0   0  ..\..\..\..\..\..\Program Files (x86)\PICC\Drivers\ctype.h
----- -----
 1179   136 Total

Page ROM  %  RAM    Vol Diff  Functions:
---- --- --- ---    --- ----  ----------
0     21  18    1             @delay_ms1
0     95  79    0    228  2.7  MAIN
 Inline         0             @cinit1

Program metrics:
    Functions               1
    Statements              136
    Comments                262
    Volume (V)              233
    Difficulty (D)          2.5
    Effort to implement (E) 587
    Time to implement (T)   1 minutes
    Est Delivered Bugs (B)  0
    Cyclomatic Complexity   1
    Maintainability (MI)    60

 Segment     Used  Free
-----------  ----  ----
00000-00003     4  0  
00004-007FF   116  1928  
00800-00FFF     0  2048  
01000-017FF     0  2048  
01800-01FFF     0  2048  



