
ROM used:   110/8192 (1%)
            110/8192 (1%) including unused fragments

            0.2 Average locations per line
            10.0 Average locations per statement

RAM used:   8/368 (2%) at main() level
            9/368 (2%) worst case

Stack used: 1 worst case (1 in main + 0 for interrupts)
Stack size: 8

Lines Stmts  %   Files
----- ----- ---  -----
   20    11 100  main.c
  672     0   0  C:\Program Files (x86)\PICC\Devices\16F877A.h
----- -----
  692    11 Total

Page ROM  %  RAM    Vol Diff  Functions:
---- --- --- ---    --- ----  ----------
0     21  19    1             @delay_ms1
0     85  77    0    228  2.7  main
 Inline         0             @cinit1

Program metrics:
    Functions               1
    Statements              11
    Comments                120
    Volume (V)              233
    Difficulty (D)          2.5
    Effort to implement (E) 587
    Time to implement (T)   1 minutes
    Est Delivered Bugs (B)  0
    Cyclomatic Complexity   1
    Maintainability (MI)    56

 Segment     Used  Free
-----------  ----  ----
00000-00003     4  0  
00004-007FF   106  1938  
00800-00FFF     0  2048  
01000-017FF     0  2048  
01800-01FFF     0  2048  



