
ROM used:   81/8192 (1%)
            81/8192 (1%) including unused fragments

            0.1 Average locations per line
            20.3 Average locations per statement

RAM used:   13/368 (4%) at main() level
            14/368 (4%) worst case

Stack used: 1 worst case (0 in main + 1 for interrupts)
Stack size: 8

Lines Stmts  %   Files
----- ----- ---  -----
   19     4 100  main.c
  672     0   0  ..\..\..\..\..\..\..\Program Files\PICC\Devices\16F877A.h
----- -----
  691     4 Total

Page ROM  %  RAM    Vol Diff  Functions:
---- --- --- ---    --- ----  ----------
0     10  12    1     48  1.7  recive
0     22  27    0     14  0.8  MAIN
 Inline         0             @cinit1

Program metrics:
    Functions               2
    Statements              4
    Comments                119
    Volume (V)              82
    Difficulty (D)          2.5
    Effort to implement (E) 200
    Time to implement (T)   0 minutes
    Est Delivered Bugs (B)  0
    Cyclomatic Complexity   1
    Maintainability (MI)    111

 Segment     Used  Free
-----------  ----  ----
00000-00003     4  0  
00004-00030    45  0  
00031-007FF    32  1967  
00800-00FFF     0  2048  
01000-017FF     0  2048  
01800-01FFF     0  2048  



