CCS PCM C Compiler, Version 5.025, 51653               14-Mar-21 12:14

               Filename:   C:\Users\CaoKy\Downloads\machdieukhiendongco_khoaluan-main\machdieukhiendongco_khoaluan-main\codePICv1\bluetoothUART\main.lst

               ROM used:   81 words (1%)
                           Largest free fragment is 2048
               RAM used:   13 (4%) at main() level
                           14 (4%) worst case
               Stack used: 1 locations (0 in main + 1 for interrupts)
               Stack size: 8

*
0000:  MOVLW  00
0001:  MOVWF  0A
0002:  GOTO   03B
0003:  NOP
0004:  MOVWF  7F
0005:  SWAPF  03,W
0006:  CLRF   03
0007:  MOVWF  21
0008:  MOVF   0A,W
0009:  MOVWF  20
000A:  CLRF   0A
000B:  MOVF   04,W
000C:  MOVWF  22
000D:  MOVF   77,W
000E:  MOVWF  23
000F:  MOVF   78,W
0010:  MOVWF  24
0011:  MOVF   79,W
0012:  MOVWF  25
0013:  MOVF   7A,W
0014:  MOVWF  26
0015:  BCF    03.7
0016:  BCF    03.5
0017:  MOVLW  8C
0018:  MOVWF  04
0019:  BTFSS  00.5
001A:  GOTO   01D
001B:  BTFSC  0C.5
001C:  GOTO   02E
001D:  MOVF   22,W
001E:  MOVWF  04
001F:  MOVF   23,W
0020:  MOVWF  77
0021:  MOVF   24,W
0022:  MOVWF  78
0023:  MOVF   25,W
0024:  MOVWF  79
0025:  MOVF   26,W
0026:  MOVWF  7A
0027:  MOVF   20,W
0028:  MOVWF  0A
0029:  SWAPF  21,W
002A:  MOVWF  03
002B:  SWAPF  7F,F
002C:  SWAPF  7F,W
002D:  RETFIE
002E:  BCF    0A.3
002F:  BCF    0A.4
0030:  GOTO   031
.................... #include <16F877A.h> 
.................... //////////// Standard Header file for the PIC16F877A device //////////////// 
.................... /////////////////////////////////////////////////////////////////////////// 
.................... ////        (C) Copyright 1996, 2013 Custom Computer Services          //// 
.................... //// This source code may only be used by licensed users of the CCS C  //// 
.................... //// compiler.  This source code may only be distributed to other      //// 
.................... //// licensed users of the CCS C compiler.  No other use, reproduction //// 
.................... //// or distribution is permitted without written permission.          //// 
.................... //// Derivative programs created using this software in object code    //// 
.................... //// form are not restricted in any way.                               //// 
.................... /////////////////////////////////////////////////////////////////////////// 
.................... #device PIC16F877A 
....................  
.................... #list 
....................  
.................... #fuses NOWDT,NOPUT,HS,NOPROTECT,NOLVP 
.................... #define TB1 pinA2 
.................... #define TB2 pinA3 
.................... #define TB3 pinA4 
.................... #use delay(clock=16000000) 
.................... #use rs232(uart,baud=9600,parity=N,bits=8)  
.................... int CR=0; 
.................... #INT_RDA 
.................... void recive(){ 
....................    char BT; 
....................    BT=getc(); 
0031:  BTFSS  0C.5
0032:  GOTO   031
0033:  MOVF   1A,W
0034:  MOVWF  28
....................    CR=BT; 
0035:  MOVF   28,W
0036:  MOVWF  27
0037:  BCF    0C.5
0038:  BCF    0A.3
0039:  BCF    0A.4
003A:  GOTO   01D
.................... } 
.................... void main(){ 
003B:  MOVF   03,W
003C:  ANDLW  1F
003D:  MOVWF  03
003E:  MOVLW  19
003F:  BSF    03.5
0040:  MOVWF  19
0041:  MOVLW  A2
0042:  MOVWF  18
0043:  MOVLW  90
0044:  BCF    03.5
0045:  MOVWF  18
0046:  CLRF   27
0047:  BSF    03.5
0048:  BSF    1F.0
0049:  BSF    1F.1
004A:  BSF    1F.2
004B:  BCF    1F.3
004C:  MOVLW  07
004D:  MOVWF  1C
004E:  BCF    03.7
.................... while(true){ 
004F:  GOTO   04F
.................... } 
.................... } 
0050:  SLEEP

Configuration Fuses:
   Word  1: 3F7A   HS NOWDT NOPUT BROWNOUT NOLVP NOCPD NOWRT NODEBUG NOPROTECT
